> Checking links in ./006a_PipedRDD.html
> Will allow duplicate links
> Will allow redirects
> White list links matching: test.com 
> Will not save results
Links to check: 11, 0 white listed
  01. https://lamastex.github.io/scalable-data-science/sds/3/x/ 
  02. https://lamastex.github.io/ScaDaMaLe/index.html 
  03. https://learning.oreilly.com/library/view/spark-the-definitive/9781491912201/ch12.html 
  04. https://spark-summit.org/east-2017/events/experiences-with-sparks-rdd-apis-for-complex-custom-applications/ 
  05. http://lamastex.org/preprints/20180507_ABTestingViaDistributedMRS.pdf 
  06. http://interval.louisiana.edu/reliable-computing-journal/volume-18/reliable-computing-18-pp-015-054.pdf 
  07. http://lamastex.org/preprints/avs_rc_2013.pdf 
  08. https://github.com/lamastex/mrs2 
  09. https://github.com/lamastex/mrs2/tree/master/docker 
  10. https://github.com/lamastex/mrs2/tree/master/mrs-2.0/examples/MooreRejSam/IsIt1or2Coins 
  11. https://raw.githubusercontent.com/lamastex/scalable-data-science/master/images/2020/ScaDaMaLe/screenShotOfUploadingStaticExecutibleIsIt1or2CoinsViaFileStore.png 
Checking URLs: →✓✓✓→→✓✓✓✓✓
No issues :-)
> Checking links in ./003_00_scalaCrashCourse.html
> Will allow duplicate links
> Will allow redirects
> White list links matching: test.com 
> Will not save results
Links to check: 42, 0 white listed, 28 unique
  01. https://lamastex.github.io/scalable-data-science/sds/3/x/ 
  02. https://lamastex.github.io/ScaDaMaLe/index.html 
  03. https://docs.scala-lang.org/getting-started/index.html 
  04. https://github.com/lamastex/dockerDev 
  05. https://code.visualstudio.com/ 
  06. https://www.jetbrains.com/idea/ 
  07. http://www.scala-lang.org/ 
  08. https://docs.scala-lang.org/tour/tour-of-scala.html 
  09. https://docs.scala-lang.org/overviews/scala-book/introduction.html 
  10. https://docs.scala-lang.org/cheatsheets/index.html 
  11. https://superruzafa.github.io/visual-scala-reference/ 
  12. https://docs.scala-lang.org/learn.html 
  13. https://www.coursera.org/course/progfun 
  14. http://www.scala-lang.org/documentation/books.html 
  15. http://www.artima.com/pins1ed/ 
  16. https://www.scala-lang.org/old/sites/default/files/linuxsoft_archives/docu/files/ScalaByExample.pdf 
  17. http://lintool.github.io/SparkTutorial/slides/day1_Scala_crash_course.pdf 
  18. https://darrenjw.wordpress.com/2013/12/30/brief-introduction-to-scala-and-breeze-for-statistical-computing/ 
  19. https://darrenjw.wordpress.com/2013/12/23/scala-as-a-platform-for-statistical-computing-and-data-science/ 
  20. http://spark.apache.org/docs/latest/index.html 
  21. https://docs.scala-lang.org/tour/basics.html 
  22. https://docs.scala-lang.org/resources/images/tour/unified-types-diagram.svg 
  23. https://docs.scala-lang.org/tour/unified-types.html 
  24. https://docs.scala-lang.org/tour/classes.html 
  25. https://docs.scala-lang.org/tour/case-classes.html 
  26. https://github.com/raazesh-sainudiin/scalable-data-science/raw/master/images/week1/tabCompletionAfterSDot.png 
  27. https://docs.scala-lang.org/tour/singleton-objects.html 
  28. https://docs.scala-lang.org/tour/traits.html 
Checking URLs: ✓✓✓→✓✓✓✓✓→✓→→✓✓✓→✓✓✓✓✓✓✓✓✓✓→
No issues :-)
> Checking links in ./001_whySpark.html
> Will allow duplicate links
> Will allow redirects
> White list links matching: test.com 
> Will not save results
Links to check: 31, 0 white listed, 25 unique
  01. https://lamastex.github.io/scalable-data-science/sds/3/x/ 
  02. https://lamastex.github.io/ScaDaMaLe/index.html 
  03. https://cacm.acm.org/magazines/2016/11/209116-apache-spark/fulltext 
  04. https://player.vimeo.com/video/185645796 
  05. https://i.vimeocdn.com/video/597494216-6f494f2fb4efb90efe6bb3206f3892bec6b202352951512dbde44c976549dd87-d.jpg?mw=240&amp;q=255 
  06. https://dl.acm.org/cms/attachment/6f54b222-fe96-497a-8bfc-0e6ea250b05d/ins01.gif 
  07. http://spark.apache.org/docs/latest/index.html 
  08. https://towardsdatascience.com/what-is-big-data-understanding-the-history-32078f3b53ce 
  09. https://miro.medium.com/max/1200/1*0bWwqlOfjRqoUDqrH62GbQ.png 
  10. https://flink.apache.org/ 
  11. https://www.projectpro.io/article/apache-flink-vs-spark-will-one-overtake-the-other/282#toc-7 
  12. http://www.tpc.org/tpcds/results/tpcds_perf_results5.asp?spm=a2c65.11461447.0.0.626f184fy7PwOU&amp;resulttype=all 
  13. https://www.alibabacloud.com/blog/alibaba-cloud-e-mapreduce-sets-world-record-again-on-tpc-ds-benchmark_596195 
  14. https://sourceforge.net/software/product/Apache-Spark/alternatives 
  15. https://blog.dominodatalab.com/spark-dask-ray-choosing-the-right-framework 
  16. https://en.wikipedia.org/wiki/Lisp_(programming_language) 
  17. https://research.google/pubs/pub62/ 
  18. https://en.wikipedia.org/wiki/Apache_Hadoop 
  19. https://aws.amazon.com/emr/ 
  20. https://dx.doi.org/10.1109/MSST.2010.5496972 
  21. https://www.usenix.org/system/files/conference/nsdi12/nsdi12-final138.pdf 
  22. https://raw.githubusercontent.com/raazesh-sainudiin/scalable-data-science/master/images/week1/dbTrImg_BriefHistoryFuncProgBigData700x.png 
  23. https://www.youtube.com/watch?v=p4PkA2huzVc 
  24. https://databricks.com/resources?_sft_resource_type=research-papers 
  25. https://databricks.com/resources? 
Checking URLs: ✓✓→✓✓✓→→✓✓✓✓✓→✓→✓✓✓✓✓✓✓✓✓
No issues :-)
> Checking links in ./000_ScaDaMaLe.html
> Will allow duplicate links
> Will allow redirects
> White list links matching: test.com 
> Will not save results
Links to check: 58, 0 white listed, 37 unique
  01. https://lamastex.github.io/scalable-data-science/sds/3/x/ 
  02. https://lamastex.github.io/ScaDaMaLe/index.html 
  03. https://learning.oreilly.com/library/view/high-performance-spark/9781491943199/ 
  04. https://learning.oreilly.com/library/view/spark-the-definitive/9781491912201/ 
  05. https://learning.oreilly.com/library/view/learning-spark-2nd/9781492050032/ 
  06. https://ebookcentral.proquest.com/lib/uu/reader.action?docID=3339142 
  07. https://github.com/lamastex/scalable-data-science/tree/master/read 
  08. https://github.com/lamastex/scalable-data-science/tree/master/dbcArchives/latest/ 
  09. https://databricks.com 
  10. https://aws.amazon.com/ 
  11. https://combient.com 
  12. https://seb.se/ 
  13. https://combient.com/mix 
  14. https://wasp-sweden.org/graduate-school/ai-graduate-school-courses/ 
  15. https://www.math.uu.se/research/cim/ 
  16. https://katalog.uu.se/profile/?id=N17-214 
  17. https://www.math.uu.se/ 
  18. https://www.uu.se/ 
  19. https://www.linkedin.com/in/raazesh-sainudiin-45955845/ 
  20. https://lamastex.github.io/cv/ 
  21. https://lamastex.github.io/publications/ 
  22. https://en.wikipedia.org/wiki/Data_science 
  23. https://github.com/lamastex/scalable-data-science/raw/master/assets/images/sds.png 
  24. https://dl.acm.org/citation.cfm?id=2500499 
  25. https://www.science.org/doi/pdf/10.1126/science.aaa8415 
  26. http://spark.apache.org/docs/latest/index.html 
  27. https://www.oreilly.com/ideas/data-engineering-a-quick-and-simple-definition 
  28. https://www.oreilly.com/ideas/data-engineers-vs-data-scientists 
  29. https://en.wikipedia.org/wiki/Big_data 
  30. https://whatis.techtarget.com/feature/A-history-and-timeline-of-big-data 
  31. https://en.wikipedia.org/wiki/Cloud_computing 
  32. https://en.wikipedia.org/wiki/Data_center 
  33. https://upload.wikimedia.org/wikipedia/commons/thumb/d/d7/CERN_Server_03.jpg/250px-CERN_Server_03.jpg 
  34. https://upload.wikimedia.org/wikipedia/commons/thumb/9/98/Cern_datacenter.jpg/450px-Cern_datacenter.jpg 
  35. https://upload.wikimedia.org/wikipedia/commons/thumb/d/de/Wikimedia_Foundation_Servers-8055_03_square.jpg/120px-Wikimedia_Foundation_Servers-8055_03_square.jpg 
  36. https://towardsdatascience.com/what-is-big-data-understanding-the-history-32078f3b53ce 
  37. https://databricks.com/dataaisummit 
Checking URLs: ✓✓✓→→✓✓✓✓→✓✓✓✓✓✓✓→?→✓✓?✓✓→✓✓✓✓✓→→→→→→

Issues :-(
> Links 
  1. [L196] 999 https://www.linkedin.com/in/raazesh-sainudiin-45955845/  
  2. [L238] 503 https://www.science.org/doi/pdf/10.1126/science.aaa8415  
> Checking links in ./004_RDDsTransformationsActions.html
> Will allow duplicate links
> Will allow redirects
> White list links matching: test.com 
> Will not save results
Links to check: 48, 0 white listed, 27 unique
  01. https://lamastex.github.io/scalable-data-science/sds/3/x/ 
  02. https://lamastex.github.io/ScaDaMaLe/index.html 
  03. http://spark.apache.org/docs/latest/img/cluster-overview.png 
  04. http://spark.apache.org/docs/latest/cluster-overview.html 
  05. http://spark.apache.org/docs/latest/programming-guide.html 
  06. https://spark.apache.org/docs/latest/rdd-programming-guide.html 
  07. http://spark.apache.org/docs/latest/index.html 
  08. https://github.com/lamastex/scalable-data-science/raw/master/dbcArchives/2017/parts/xtraResources.dbc 
  09. https://raw.githubusercontent.com/lamastex/scalable-data-science/master/db/visualapi/med/visualapi-1.png 
  10. https://spark.apache.org/docs/3.0.1/api/scala/org/apache/spark/rdd/RDD.html 
  11. https://spark.apache.org/docs/3.0.1/api/scala/org/apache/spark/sql/Dataset.html 
  12. https://spark.apache.org/docs/3.0.1/api/scala/index.html 
  13. https://raw.githubusercontent.com/lamastex/scalable-data-science/master/db/visualapi/med/visualapi-90.png 
  14. https://raw.githubusercontent.com/lamastex/scalable-data-science/master/db/visualapi/med/visualapi-88.png 
  15. https://raw.githubusercontent.com/lamastex/scalable-data-science/master/db/visualapi/med/visualapi-18.png 
  16. https://raw.githubusercontent.com/lamastex/scalable-data-science/master/db/visualapi/med/visualapi-24.png 
  17. https://raw.githubusercontent.com/lamastex/scalable-data-science/master/db/visualapi/med/visualapi-94.png 
  18. https://raw.githubusercontent.com/lamastex/scalable-data-science/master/db/visualapi/med/visualapi-31.png 
  19. https://raw.githubusercontent.com/raazesh-sainudiin/scalable-data-science/master/db/visualapi/med/visualapi-40.png 
  20. https://spark.apache.org/docs/latest/rdd-programming-guide.html#shuffle-operations 
  21. https://raw.githubusercontent.com/lamastex/scalable-data-science/master/db/visualapi/med/visualapi-44.png 
  22. https://raw.githubusercontent.com/lamastex/scalable-data-science/master/db/visualapi/med/visualapi-45.png 
  23. https://spark.apache.org/docs/latest/rdd-programming-guide.html#understanding-closures- 
  24. https://spark.apache.org/docs/latest/rdd-programming-guide.html#accumulators 
  25. https://spark.apache.org/docs/latest/rdd-programming-guide.html#broadcast-variables 
  26. https://sparkbyexamples.com/spark/spark-broadcast-variables/ 
  27. https://docs.databricks.com/user-guide/libraries.html 
Checking URLs: →→→✓✓✓→✓✓→✓✓✓✓✓✓✓✓✓✓✓✓✓✓✓→✓
No issues :-)
> Checking links in ./002_00_loginToDatabricks.html
> Will allow duplicate links
> Will allow redirects
> White list links matching: test.com 
> Will not save results
Links to check: 20, 0 white listed, 13 unique
  01. https://lamastex.github.io/scalable-data-science/sds/3/x/ 
  02. https://lamastex.github.io/ScaDaMaLe/index.html 
  03. https://docs.databricks.com/index.html 
  04. https://community.cloud.databricks.com 
  05. https://youtu.be/FH2KDhaFkZg 
  06. https://raw.githubusercontent.com/raazesh-sainudiin/scalable-data-science/master/images/week1/dbTrImg_WorkspaceSparkPlatform700x.png 
  07. https://raw.githubusercontent.com/raazesh-sainudiin/scalable-data-science/master/images/week1/dbTrImg_ShardClusterNotebookDashboard700x.png 
  08. https://raw.githubusercontent.com/raazesh-sainudiin/scalable-data-science/master/images/week1/dbTrImg_TeamStateCollaborationElasticResources700x.png 
  09. https://github.com/lamastex/scalable-data-science/raw/master/dbcArchives/2021/ 
  10. https://github.com/lamastex/scalable-data-science/tree/master/dbcArchives/2021/000_1-sds-3-x 
  11. https://spark.apache.org/downloads.html 
  12. https://www.docker.com/ 
  13. https://github.com/lamastex/dockerDev 
Checking URLs: ✓✓✓✓✓→✓✓✓→✓x→

Issues :-(
> Links 
  1. [L188] 404 https://github.com/lamastex/scalable-data-science/tree/master/dbcArchives/2021/000_1-sds-3-x  
> Checking links in ./006_WordCount.html
> Will allow duplicate links
> Will allow redirects
> White list links matching: test.com 
> Will not save results
Links to check: 13, 0 white listed, 8 unique
  1. https://lamastex.github.io/scalable-data-science/sds/3/x/ 
  2. https://lamastex.github.io/ScaDaMaLe/index.html 
  3. https://github.com/lamastex/scalable-data-science/raw/master/dbcArchives/2017/parts/xtraResources.dbc 
  4. http://www.pnas.org/content/112/35/10837.full 
  5. https://www.pnas.org/cms/10.1073/pnas.1512221112/asset/52ec0970-5ebe-4119-a1d1-f6b4e83be604/assets/graphic/pnas.1512221112fig05.jpeg 
  6. http://stateoftheunion.onetwothree.net/texts/index.html 
  7. https://www.ibm.com/cloud/blog/structured-vs-unstructured-data 
  8. http://spark.apache.org/docs/latest/index.html 
Checking URLs: ✓✓→→✓→✓✓
No issues :-)
> Checking links in ./003_01_scalaCrashCourse.html
> Will allow duplicate links
> Will allow redirects
> White list links matching: test.com 
> Will not save results
Links to check: 60, 0 white listed, 38 unique
  01. https://lamastex.github.io/scalable-data-science/sds/3/x/ 
  02. https://lamastex.github.io/ScaDaMaLe/index.html 
  03. http://www.scala-lang.org/ 
  04. https://docs.scala-lang.org/tour/tour-of-scala.html 
  05. https://docs.scala-lang.org/overviews/scala-book/introduction.html 
  06. https://docs.scala-lang.org/cheatsheets/index.html 
  07. https://superruzafa.github.io/visual-scala-reference/ 
  08. https://docs.scala-lang.org/learn.html 
  09. https://www.coursera.org/course/progfun 
  10. http://www.scala-lang.org/documentation/books.html 
  11. http://www.artima.com/pins1ed/ 
  12. https://www.scala-lang.org/old/sites/default/files/linuxsoft_archives/docu/files/ScalaByExample.pdf 
  13. http://lintool.github.io/SparkTutorial/slides/day1_Scala_crash_course.pdf 
  14. https://darrenjw.wordpress.com/2013/12/30/brief-introduction-to-scala-and-breeze-for-statistical-computing/ 
  15. https://docs.scala-lang.org/tour/basics.html 
  16. https://docs.scala-lang.org/resources/images/tour/unified-types-diagram.svg 
  17. https://docs.scala-lang.org/tour/unified-types.html 
  18. http://spark.apache.org/docs/latest/index.html 
  19. https://docs.scala-lang.org/overviews/scala-book/collections-101.html 
  20. https://docs.scala-lang.org/overviews/scala-book/list-class.html 
  21. https://docs.scala-lang.org/overviews/scala-book/vector-class.html 
  22. https://www.scala-lang.org/api/current/scala/collection/index.html 
  23. https://docs.scala-lang.org/overviews/scala-book/tuples.html 
  24. https://docs.scala-lang.org/overviews/scala-book/functional-programming.html 
  25. https://docs.scala-lang.org/overviews/scala-book/collections-methods.html 
  26. https://superruzafa.github.io/visual-scala-reference/map/&quot;%2c500 
  27. https://superruzafa.github.io/visual-scala-reference/map/ 
  28. https://superruzafa.github.io/visual-scala-reference/filter/&quot;%2c600 
  29. https://superruzafa.github.io/visual-scala-reference/filter/ 
  30. https://superruzafa.github.io/visual-scala-reference/reduce/&quot;%2c600 
  31. https://superruzafa.github.io/visual-scala-reference/reduce/ 
  32. https://docs.scala-lang.org/overviews/scala-book/functional-programming.html&quot;%2c700 
  33. http://docs.scala-lang.org/cheatsheets/index.html 
  34. https://www.scala-exercises.org/scala_tutorial/lazy_evaluation 
  35. https://www.scala-exercises.org/scala 
  36. https://www.scala-exercises.org/scala_tutorial/tail_recursion 
  37. https://docs.scala-lang.org/tour/annotations.html 
  38. https://en.wikipedia.org/wiki/Tail_call 
Checking URLs: ✓✓✓→✓→✓✓✓→✓✓✓✓→→✓x✓✓✓xx✓✓✓✓✓✓✓✓→x✓✓???

Issues :-(
> Links 
  1. [L610]  https://www.scala-exercises.org/scala_tutorial/lazy_evaluation SSL_connect returned=1 errno=0 state=error: certificate verify failed (unable to get local issuer certificate) 
  2. [L610]  https://www.scala-exercises.org/scala SSL_connect returned=1 errno=0 state=error: certificate verify failed (unable to get local issuer certificate) 
  3. [L743]  https://www.scala-exercises.org/scala_tutorial/tail_recursion SSL_connect returned=1 errno=0 state=error: certificate verify failed (unable to get local issuer certificate) 
  4. [L869] 404 https://docs.scala-lang.org/overviews/scala-book/functional-programming.html&quot;%2c700  
  5. [L869] 404 https://superruzafa.github.io/visual-scala-reference/reduce/&quot;%2c600  
  6. [L869] 404 https://superruzafa.github.io/visual-scala-reference/filter/&quot;%2c600  
  7. [L869] 404 https://superruzafa.github.io/visual-scala-reference/map/&quot;%2c500  
> Checking links in ./002_01_multiLingualNotebooks.html
> Will allow duplicate links
> Will allow redirects
> White list links matching: test.com 
> Will not save results
Links to check: 24, 0 white listed, 16 unique
  01. https://lamastex.github.io/scalable-data-science/sds/3/x/ 
  02. https://lamastex.github.io/ScaDaMaLe/index.html 
  03. https://docs.databricks.com/index.html 
  04. https://zeppelin.apache.org/ 
  05. https://jupyter.org/ 
  06. http://training.databricks.com/databricks_guide/Notebook/createNotebook.png 
  07. http://training.databricks.com/databricks_guide/2.8/clone.png 
  08. http://training.databricks.com/databricks_guide/2.8/detached.png 
  09. http://training.databricks.com/databricks_guide/icon_note3_s.png 
  10. http://training.databricks.com/databricks_guide/cell.png 
  11. http://en.wikipedia.org/wiki/Markdown 
  12. http://training.databricks.com/databricks_guide/create_new_cell.png 
  13. http://training.databricks.com/databricks_guide/run_cell.png 
  14. https://guides.github.com/features/mastering-markdown/ 
  15. https://pandoc.org/MANUAL.html 
  16. https://docs.scala-lang.org/ 
Checking URLs: ?????✓??✓✓✓→→✓✓✓

Issues :-(
> Links 
  1. [L177]  http://training.databricks.com/databricks_guide/Notebook/createNotebook.png Failed to open TCP connection to training.databricks.com:80 (getaddrinfo: Name does not resolve) 
  2. [L197]  http://training.databricks.com/databricks_guide/2.8/clone.png Failed to open TCP connection to training.databricks.com:80 (getaddrinfo: Name does not resolve) 
  3. [L210]  http://training.databricks.com/databricks_guide/2.8/detached.png Failed to open TCP connection to training.databricks.com:80 (getaddrinfo: Name does not resolve) 
  4. [L216]  http://training.databricks.com/databricks_guide/icon_note3_s.png Failed to open TCP connection to training.databricks.com:80 (getaddrinfo: Name does not resolve) 
  5. [L217]  http://training.databricks.com/databricks_guide/cell.png Failed to open TCP connection to training.databricks.com:80 (getaddrinfo: Name does not resolve) 
  6. [L231]  http://training.databricks.com/databricks_guide/create_new_cell.png Failed to open TCP connection to training.databricks.com:80 (getaddrinfo: Name does not resolve) 
  7. [L235]  http://training.databricks.com/databricks_guide/run_cell.png Failed to open TCP connection to training.databricks.com:80 (getaddrinfo: Name does not resolve) 
> Checking links in ./005_RDDsTransformationsActionsHOMEWORK.html
> Will allow duplicate links
> Will allow redirects
> White list links matching: test.com 
> Will not save results
Links to check: 2, 0 white listed
  1. https://lamastex.github.io/scalable-data-science/sds/3/x/ 
  2. https://lamastex.github.io/ScaDaMaLe/index.html 
Checking URLs: ✓✓
No issues :-)

Summary
                         ./006a_PipedRDD.html: ✓
               ./003_00_scalaCrashCourse.html: ✓
                          ./001_whySpark.html: ✓
                         ./000_ScaDaMaLe.html: Issues
        ./004_RDDsTransformationsActions.html: ✓
              ./002_00_loginToDatabricks.html: Issues
                         ./006_WordCount.html: ✓
               ./003_01_scalaCrashCourse.html: Issues
          ./002_01_multiLingualNotebooks.html: Issues
./005_RDDsTransformationsActionsHOMEWORK.html: ✓
